This is pdfTeX, Version 3.141592653-2.6-1.40.24 (TeX Live 2022) (preloaded format=pdflatex 2022.7.6)  30 AUG 2022 22:40
entering extended mode
 restricted \write18 enabled.
 %&-line parsing enabled.
**circuitcomplete.tex
(./circuitcomplete.tex
LaTeX2e <2021-11-15> patch level 1
L3 programming layer <2022-02-24>
(d:/Program Files/texlive/2022/texmf-dist/tex/latex/base/article.cls
Document Class: article 2021/10/04 v1.4n Standard LaTeX document class
(d:/Program Files/texlive/2022/texmf-dist/tex/latex/base/size10.clo
File: size10.clo 2021/10/04 v1.4n Standard LaTeX file (size option)
)
\c@part=\count185
\c@section=\count186
\c@subsection=\count187
\c@subsubsection=\count188
\c@paragraph=\count189
\c@subparagraph=\count190
\c@figure=\count191
\c@table=\count192
\abovecaptionskip=\skip47
\belowcaptionskip=\skip48
\bibindent=\dimen138
)
(d:/Program Files/texlive/2022/texmf-dist/tex/latex/graphics/graphicx.sty
Package: graphicx 2021/09/16 v1.2d Enhanced LaTeX Graphics (DPC,SPQR)

(d:/Program Files/texlive/2022/texmf-dist/tex/latex/graphics/keyval.sty
Package: keyval 2014/10/28 v1.15 key=value parser (DPC)
\KV@toks@=\toks16
)
(d:/Program Files/texlive/2022/texmf-dist/tex/latex/graphics/graphics.sty
Package: graphics 2021/03/04 v1.4d Standard LaTeX Graphics (DPC,SPQR)

(d:/Program Files/texlive/2022/texmf-dist/tex/latex/graphics/trig.sty
Package: trig 2021/08/11 v1.11 sin cos tan (DPC)
)
(d:/Program Files/texlive/2022/texmf-dist/tex/latex/graphics-cfg/graphics.cfg
File: graphics.cfg 2016/06/04 v1.11 sample graphics configuration
)
Package graphics Info: Driver file: pdftex.def on input line 107.

(d:/Program Files/texlive/2022/texmf-dist/tex/latex/graphics-def/pdftex.def
File: pdftex.def 2020/10/05 v1.2a Graphics/color driver for pdftex
))
\Gin@req@height=\dimen139
\Gin@req@width=\dimen140
)
(d:/Program Files/texlive/2022/texmf-dist/tex/latex/geometry/geometry.sty
Package: geometry 2020/01/02 v5.9 Page Geometry

(d:/Program Files/texlive/2022/texmf-dist/tex/generic/iftex/ifvtex.sty
Package: ifvtex 2019/10/25 v1.7 ifvtex legacy package. Use iftex instead.

(d:/Program Files/texlive/2022/texmf-dist/tex/generic/iftex/iftex.sty
Package: iftex 2022/02/03 v1.0f TeX engine tests
))
\Gm@cnth=\count193
\Gm@cntv=\count194
\c@Gm@tempcnt=\count195
\Gm@bindingoffset=\dimen141
\Gm@wd@mp=\dimen142
\Gm@odd@mp=\dimen143
\Gm@even@mp=\dimen144
\Gm@layoutwidth=\dimen145
\Gm@layoutheight=\dimen146
\Gm@layouthoffset=\dimen147
\Gm@layoutvoffset=\dimen148
\Gm@dimlist=\toks17
)
(d:/Program Files/texlive/2022/texmf-dist/tex/latex/l3backend/l3backend-pdftex.
def
File: l3backend-pdftex.def 2022-02-07 L3 backend support: PDF output (pdfTeX)
\l__color_backend_stack_int=\count196
\l__pdf_internal_box=\box50
) (./circuitcomplete.aux)
\openout1 = `circuitcomplete.aux'.

LaTeX Font Info:    Checking defaults for OML/cmm/m/it on input line 7.
LaTeX Font Info:    ... okay on input line 7.
LaTeX Font Info:    Checking defaults for OMS/cmsy/m/n on input line 7.
LaTeX Font Info:    ... okay on input line 7.
LaTeX Font Info:    Checking defaults for OT1/cmr/m/n on input line 7.
LaTeX Font Info:    ... okay on input line 7.
LaTeX Font Info:    Checking defaults for T1/cmr/m/n on input line 7.
LaTeX Font Info:    ... okay on input line 7.
LaTeX Font Info:    Checking defaults for TS1/cmr/m/n on input line 7.
LaTeX Font Info:    ... okay on input line 7.
LaTeX Font Info:    Checking defaults for OMX/cmex/m/n on input line 7.
LaTeX Font Info:    ... okay on input line 7.
LaTeX Font Info:    Checking defaults for U/cmr/m/n on input line 7.
LaTeX Font Info:    ... okay on input line 7.

(d:/Program Files/texlive/2022/texmf-dist/tex/context/base/mkii/supp-pdf.mkii
[Loading MPS to PDF converter (version 2006.09.02).]
\scratchcounter=\count197
\scratchdimen=\dimen149
\scratchbox=\box51
\nofMPsegments=\count198
\nofMParguments=\count199
\everyMPshowfont=\toks18
\MPscratchCnt=\count266
\MPscratchDim=\dimen150
\MPnumerator=\count267
\makeMPintoPDFobject=\count268
\everyMPtoPDFconversion=\toks19
)
(d:/Program Files/texlive/2022/texmf-dist/tex/latex/epstopdf-pkg/epstopdf-base.
sty
Package: epstopdf-base 2020-01-24 v2.11 Base part for package epstopdf
Package epstopdf-base Info: Redefining graphics rule for `.eps' on input line 4
85.

(d:/Program Files/texlive/2022/texmf-dist/tex/latex/latexconfig/epstopdf-sys.cf
g
File: epstopdf-sys.cfg 2010/07/13 v1.3 Configuration of (r)epstopdf for TeX Liv
e
))
*geometry* driver: auto-detecting
*geometry* detected driver: pdftex
*geometry* verbose mode - [ preamble ] result:
* driver: pdftex
* paper: custom
* layout: <same size as paper>
* layoutoffset:(h,v)=(0.0pt,0.0pt)
* modes: 
* h-part:(L,W,R)=(2.84526pt, 406.87444pt, 17.07164pt)
* v-part:(T,H,B)=(8.53581pt, 204.85986pt, 14.22636pt)
* \paperwidth=426.79134pt
* \paperheight=227.62204pt
* \textwidth=406.87444pt
* \textheight=204.85986pt
* \oddsidemargin=-69.42473pt
* \evensidemargin=-69.42473pt
* \topmargin=-100.73418pt
* \headheight=12.0pt
* \headsep=25.0pt
* \topskip=10.0pt
* \footskip=30.0pt
* \marginparwidth=65.0pt
* \marginparsep=11.0pt
* \columnsep=10.0pt
* \skip\footins=9.0pt plus 4.0pt minus 2.0pt
* \hoffset=0.0pt
* \voffset=0.0pt
* \mag=1000
* \@twocolumnfalse
* \@twosidefalse
* \@mparswitchfalse
* \@reversemarginfalse
* (1in=72.27pt=25.4mm, 1cm=28.453pt)

<circuitt.pdf, id=1, 255.28674pt x 102.60735pt>
File: circuitt.pdf Graphic file (type pdf)
<use circuitt.pdf>
Package pdftex.def Info: circuitt.pdf  used on input line 11.
(pdftex.def)             Requested size: 241.68721pt x 97.14293pt.
LaTeX Font Info:    External font `cmex10' loaded for size
(Font)              <7> on input line 12.
LaTeX Font Info:    External font `cmex10' loaded for size
(Font)              <5> on input line 12.
<circuitb.pdf, id=2, 533.43388pt x 98.27113pt>
File: circuitb.pdf Graphic file (type pdf)
<use circuitb.pdf>
Package pdftex.def Info: circuitb.pdf  used on input line 16.
(pdftex.def)             Requested size: 443.09117pt x 81.63098pt.

Overfull \hbox (40.28325pt too wide) in paragraph at lines 16--17
 [][] 
 []

[1 <./circuitt.pdf{d:/Program Files/texlive/2022/texmf-var/fonts/map/pdftex/upd
map/pdftex.map}> <./circuitb.pdf>] (./circuitcomplete.aux) ) 
Here is how much of TeX's memory you used:
 1828 strings out of 478268
 30006 string characters out of 5843326
 325817 words of memory out of 5000000
 20075 multiletter control sequences out of 15000+600000
 469259 words of font info for 28 fonts, out of 8000000 for 9000
 1141 hyphenation exceptions out of 8191
 55i,8n,62p,223b,282s stack positions out of 10000i,1000n,20000p,200000b,200000s
<d:/Program Files/t
exlive/2022/texmf-dist/fonts/type1/public/amsfonts/cm/cmmi10.pfb><d:/Program Fi
les/texlive/2022/texmf-dist/fonts/type1/public/amsfonts/cm/cmr10.pfb>
Output written on circuitcomplete.pdf (1 page, 25394 bytes).
PDF statistics:
 34 PDF objects out of 1000 (max. 8388607)
 22 compressed objects within 1 object stream
 0 named destinations out of 1000 (max. 500000)
 11 words of extra memory for PDF output out of 10000 (max. 10000000)

